<?xml version="1.0" encoding="UTF-8"?>
<!-- Generated by org.testng.reporters.JUnitXMLReporter -->
<testsuite ignored="0" hostname="VENKY1504" failures="0" tests="4" name="Default test" time="6.181" errors="0" timestamp="2023-11-08T10:25:37 IST">
  <testcase classname="day1.HTTP_Requests" name="getUsers" time="2.387"/>
  <testcase classname="day1.HTTP_Requests" name="createUser" time="0.794"/>
  <testcase classname="day1.HTTP_Requests" name="updateUser" time="2.466"/>
  <testcase classname="day1.HTTP_Requests" name="delete" time="0.469"/>
</testsuite> <!-- Default test -->
