<?xml version="1.0" encoding="UTF-8"?>
<!-- Generated by org.testng.reporters.JUnitXMLReporter -->
<testsuite ignored="0" hostname="VENKY1504" failures="0" tests="4" name="Test" time="4.255" errors="0" timestamp="2023-10-30T11:18:39 IST">
  <testcase classname="day8.CreateUser" name="testCreateUser" time="3.114"/>
  <testcase classname="day8.GetUser" name="testGetUser" time="0.34"/>
  <testcase classname="day8.UpdateUser" name="testUpdateUser" time="0.349"/>
  <testcase classname="day8.DeleteUser" name="testDeleteUser" time="0.391"/>
</testsuite> <!-- Test -->
