<?xml version="1.0" encoding="UTF-8"?>
<testng-results ignored="0" total="4" passed="4" failed="0" skipped="0">
  <reporter-output>
  </reporter-output>
  <suite started-at="2023-11-08T10:25:31 IST" name="Default suite" finished-at="2023-11-08T10:25:37 IST" duration-ms="6181">
    <groups>
    </groups>
    <test started-at="2023-11-08T10:25:31 IST" name="Default test" finished-at="2023-11-08T10:25:37 IST" duration-ms="6181">
      <class name="day1.HTTP_Requests">
        <test-method signature="getUsers()[pri:1, instance:day1.HTTP_Requests@a514af7]" started-at="2023-11-08T10:25:31 IST" name="getUsers" finished-at="2023-11-08T10:25:33 IST" duration-ms="2387" status="PASS">
          <reporter-output>
          </reporter-output>
        </test-method> <!-- getUsers -->
        <test-method signature="createUser()[pri:2, instance:day1.HTTP_Requests@a514af7]" started-at="2023-11-08T10:25:33 IST" name="createUser" finished-at="2023-11-08T10:25:34 IST" duration-ms="794" status="PASS">
          <reporter-output>
          </reporter-output>
        </test-method> <!-- createUser -->
        <test-method signature="updateUser()[pri:3, instance:day1.HTTP_Requests@a514af7]" started-at="2023-11-08T10:25:34 IST" name="updateUser" finished-at="2023-11-08T10:25:37 IST" depends-on-methods="day1.HTTP_Requests.createUser" duration-ms="2466" status="PASS">
          <reporter-output>
          </reporter-output>
        </test-method> <!-- updateUser -->
        <test-method signature="delete()[pri:4, instance:day1.HTTP_Requests@a514af7]" started-at="2023-11-08T10:25:37 IST" name="delete" finished-at="2023-11-08T10:25:37 IST" duration-ms="469" status="PASS">
          <reporter-output>
          </reporter-output>
        </test-method> <!-- delete -->
      </class> <!-- day1.HTTP_Requests -->
    </test> <!-- Default test -->
  </suite> <!-- Default suite -->
</testng-results>
